<?xml version="1.0" encoding="UTF-8"?>
<testng-results ignored="0" total="1" passed="1" failed="0" skipped="0">
  <reporter-output>
  </reporter-output>
  <suite started-at="2026-02-18T19:08:29 IST" name="Default suite" finished-at="2026-02-18T19:08:42 IST" duration-ms="13345">
    <groups>
    </groups>
    <test started-at="2026-02-18T19:08:29 IST" name="Default test" finished-at="2026-02-18T19:08:42 IST" duration-ms="13345">
      <class name="test_cases.TC01_VerifyValidLoginCredential">
        <test-method is-config="true" signature="setup(java.lang.String,java.lang.String)[pri:0, instance:test_cases.TC01_VerifyValidLoginCredential@376a0d86]" started-at="2026-02-18T19:08:29 IST" name="setup" finished-at="2026-02-18T19:08:39 IST" duration-ms="10067" status="PASS">
          <params>
            <param index="0">
              <value>
                <![CDATA[default_os]]>
              </value>
            </param>
            <param index="1">
              <value>
                <![CDATA[chrome]]>
              </value>
            </param>
          </params>
          <reporter-output>
          </reporter-output>
        </test-method> <!-- setup -->
        <test-method signature="verifyLoginFunctionality()[pri:0, instance:test_cases.TC01_VerifyValidLoginCredential@376a0d86]" started-at="2026-02-18T19:08:39 IST" name="verifyLoginFunctionality" finished-at="2026-02-18T19:08:42 IST" duration-ms="3033" status="PASS">
          <reporter-output>
          </reporter-output>
        </test-method> <!-- verifyLoginFunctionality -->
        <test-method is-config="true" signature="teardown()[pri:0, instance:test_cases.TC01_VerifyValidLoginCredential@376a0d86]" started-at="2026-02-18T19:08:42 IST" name="teardown" finished-at="2026-02-18T19:08:42 IST" duration-ms="2" status="PASS">
          <reporter-output>
          </reporter-output>
        </test-method> <!-- teardown -->
      </class> <!-- test_cases.TC01_VerifyValidLoginCredential -->
    </test> <!-- Default test -->
  </suite> <!-- Default suite -->
</testng-results>
