<?xml version="1.0" encoding="UTF-8"?>
<testng-results ignored="0" total="1" passed="1" failed="0" skipped="0">
  <reporter-output>
  </reporter-output>
  <suite started-at="2026-02-22T18:11:24 IST" name="CliQloan_Automation_Suite" finished-at="2026-02-22T18:11:36 IST" duration-ms="12354">
    <groups>
    </groups>
    <test started-at="2026-02-22T18:11:24 IST" name="TC01_VerifyValidLoginCredential_Test" finished-at="2026-02-22T18:11:36 IST" duration-ms="12354">
      <class name="test_cases.TC01_VerifyValidLoginCredential">
        <test-method is-config="true" signature="setup(java.lang.String,java.lang.String)[pri:0, instance:test_cases.TC01_VerifyValidLoginCredential@7d61eb55]" started-at="2026-02-22T18:11:24 IST" name="setup" finished-at="2026-02-22T18:11:33 IST" duration-ms="9031" status="PASS">
          <params>
            <param index="0">
              <value>
                <![CDATA[default_os]]>
              </value>
            </param>
            <param index="1">
              <value>
                <![CDATA[chrome]]>
              </value>
            </param>
          </params>
          <reporter-output>
          </reporter-output>
        </test-method> <!-- setup -->
        <test-method signature="verifyLoginFunctionality()[pri:0, instance:test_cases.TC01_VerifyValidLoginCredential@7d61eb55]" started-at="2026-02-22T18:11:33 IST" name="verifyLoginFunctionality" finished-at="2026-02-22T18:11:35 IST" duration-ms="2325" status="PASS">
          <reporter-output>
          </reporter-output>
        </test-method> <!-- verifyLoginFunctionality -->
        <test-method is-config="true" signature="captureResult(org.testng.ITestResult)[pri:0, instance:test_cases.TC01_VerifyValidLoginCredential@7d61eb55]" started-at="2026-02-22T18:11:35 IST" name="captureResult" finished-at="2026-02-22T18:11:36 IST" duration-ms="450" status="PASS">
          <params>
            <param index="0">
              <value>
                <![CDATA[[TestResult name=verifyLoginFunctionality status=SUCCESS method=TC01_VerifyValidLoginCredential.verifyLoginFunctionality()[pri:0, instance:test_cases.TC01_VerifyValidLoginCredential@7d61eb55] output={null}]]]>
              </value>
            </param>
          </params>
          <reporter-output>
          </reporter-output>
        </test-method> <!-- captureResult -->
        <test-method is-config="true" signature="teardown()[pri:0, instance:test_cases.TC01_VerifyValidLoginCredential@7d61eb55]" started-at="2026-02-22T18:11:36 IST" name="teardown" finished-at="2026-02-22T18:11:36 IST" duration-ms="366" status="PASS">
          <reporter-output>
          </reporter-output>
        </test-method> <!-- teardown -->
      </class> <!-- test_cases.TC01_VerifyValidLoginCredential -->
    </test> <!-- TC01_VerifyValidLoginCredential_Test -->
  </suite> <!-- CliQloan_Automation_Suite -->
</testng-results>
