<?xml version="1.0" encoding="UTF-8"?>
<!-- Generated by org.testng.reporters.JUnitReportReporter -->
<testsuite hostname="DESKTOP-5K0BOFD" failures="0" tests="2" name="test_cases.TC03VerifyLogoutUser" time="8.454" errors="0" timestamp="2026-01-28T17:09:33 IST" skipped="0">
  <testcase classname="test_cases.TC03VerifyLogoutUser" name="verifyLoginFunctionality" time="7.017"/>
  <testcase classname="test_cases.TC03VerifyLogoutUser" name="verifyLogoutFunctionality" time="1.437"/>
</testsuite> <!-- test_cases.TC03VerifyLogoutUser -->
